FECHA:::HORA:::NoPROCESO:::INICIO:::FIN:::NOMBRE_FICHERO:::NoApuestasConsolidadas
A new file was added: /home/david/Desktop/p1_sys/CA001_BET365_ElPeneDeTuroHueleACerrado.csv
A new file was added: /home/david/Desktop/p1_sys/CA001_BET365_POKER_ON_15042023_1.data
A new file was added: /home/david/Desktop/p1_sys/archivo.csv
A new file was added: /home/david/Desktop/p1_sys/CA001.csv
A new file was added: /home/david/Desktop/p1_sys/CA001.csv
A new file was added: /home/david/Desktop/p1_sys/CA001.csv
A new file was added: /home/david/Desktop/p1_sys/CA001.csv
A new file was added: /home/david/Desktop/p1_sys/CA001.csv
A new file was added: /home/david/Desktop/p1_sys/CA002.csv
A new file was added: /home/david/Desktop/p1_sys/CA1
A new file was added: /home/david/Desktop/p1_sys/CA1
A new file was added: /home/david/Desktop/p1_sys/CA2
A new file was added: /home/david/Desktop/p1_sys/CA3
A new file was added: /home/david/Desktop/p1_sys/CA1
A new file was added: /home/david/Desktop/p1_sys/CA2
A new file was added: /home/david/Desktop/p1_sys/CA3
A new file was added: /home/david/Desktop/p1_sys/CA4
A new file was added: /home/david/Desktop/p1_sys/CA5
A new file was added: /home/david/Desktop/p1_sys/CA6
A new file was added: /home/david/Desktop/p1_sys/CA001
A new file was added: /home/david/Desktop/p1_sys/CA002
A new file was added: /home/david/Desktop/p1_sys/CA003
A new file was added: /home/david/Desktop/p1_sys/CA004
A new file was added: /home/david/Desktop/p1_sys/CA005
A new file was added: /home/david/Desktop/p1_sys/CA006
A new file was added: /home/david/Desktop/p1_sys/CA1
A new file was added: /home/david/Desktop/p1_sys/CA012
A new file was added: /home/david/Desktop/p1_sys/CA008
A new file was added: /home/david/Desktop/p1_sys/CA009
A new file was added: /home/david/Desktop/p1_sys/CA010
A new file was added: /home/david/Desktop/p1_sys/CA011
A new file was added: /home/david/Desktop/p1_sys/CA001
A new file was added: /home/david/Desktop/p1_sys/CA002
A new file was added: /home/david/Desktop/p1_sys/CA003
A new file was added: /home/david/Desktop/p1_sys/CA004
A new file was added: /home/david/Desktop/p1_sys/CA005
A new file was added: /home/david/Desktop/p1_sys/CA006
A new file was added: /home/david/Desktop/p1_sys/CA001
A new file was added: /home/david/Desktop/p1_sys/CA002
A new file was added: /home/david/Desktop/p1_sys/CA003
A new file was added: /home/david/Desktop/p1_sys/CA004
A new file was added: /home/david/Desktop/p1_sys/CA005
A new file was added: /home/david/Desktop/p1_sys/CA006
A new file was added: /home/david/Desktop/p1_sys/CA001
A new file was added: /home/david/Desktop/p1_sys/CA002
A new file was added: /home/david/Desktop/p1_sys/CA003
A new file was added: /home/david/Desktop/p1_sys/CA004
A new file was added: /home/david/Desktop/p1_sys/CA005
A new file was added: /home/david/Desktop/p1_sys/CA006
A new file was added: /home/david/Desktop/p1_sys/CA001
A new file was added: /home/david/Desktop/p1_sys/CA002
A new file was added: /home/david/Desktop/p1_sys/CA003
A new file was added: /home/david/Desktop/p1_sys/CA004
A new file was added: /home/david/Desktop/p1_sys/CA005
A new file was added: /home/david/Desktop/p1_sys/CA006
A new file was added: /home/david/Desktop/p1_sys/CA001
A new file was added: /home/david/Desktop/p1_sys/CA002
A new file was added: /home/david/Desktop/p1_sys/CA001
A new file was added: /home/david/Desktop/p1_sys/CA003
A new file was added: /home/david/Desktop/p1_sys/CA001
A new file was added: /home/david/Desktop/p1_sys/CA004
A new file was added: /home/david/Desktop/p1_sys/CA006
A new file was added: /home/david/Desktop/p1_sys/CA007
A new file was added: /home/david/Desktop/p1_sys/CA008
A new file was added: /home/david/Desktop/p1_sys/CA001
A new file was added: /home/david/Desktop/p1_sys/CA004
A new file was added: /home/david/Desktop/p1_sys/CA007
A new file was added: /home/david/Desktop/p1_sys/CA008
A new file was added: /home/david/Desktop/p1_sys/CA001
A new file was added: /home/david/Desktop/p1_sys/CA002
A new file was added: /home/david/Desktop/p1_sys/CA001
A new file was added: /home/david/Desktop/p1_sys/CA002
A new file was added: /home/david/Desktop/p1_sys/CA001
A new file was added: /home/david/Desktop/p1_sys/CA002
A new file was added: /home/david/Desktop/p1_sys/CA001
A new file was added: /home/david/Desktop/p1_sys/CA002
A new file was added: /home/david/Desktop/p1_sys/CA003
A new file was added: /home/david/Desktop/p1_sys/CA004
A new file was added: /home/david/Desktop/p1_sys/CA005
A new file was added: /home/david/Desktop/p1_sys/CA006
A new file was added: /home/david/Desktop/p1_sys/CA001
A new file was added: /home/david/Desktop/p1_sys/CA002
A new file was added: /home/david/Desktop/p1_sys/CA003
A new file was added: /home/david/Desktop/p1_sys/CA004
A new file was added: /home/david/Desktop/p1_sys/CA005
A new file was added: /home/david/Desktop/p1_sys/CA006
A new file was added: /home/david/Desktop/p1_sys/CA1
A new file was added: /home/david/Desktop/p1_sys/CA001
A new file was added: /home/david/Desktop/p1_sys/CA002
A new file was added: /home/david/Desktop/p1_sys/CA003
A new file was added: /home/david/Desktop/p1_sys/CA004
A new file was added: /home/david/Desktop/p1_sys/CA005
A new file was added: /home/david/Desktop/p1_sys/CA006
A new file was added: /home/david/Desktop/p1_sys/CA1
